TN:
SF:server/index.js
FN:25,readDb
FN:32,writeDb
FN:44,buildPrompt
FN:66,withTimeout
FN:76,aiFormat
FNF:5
FNH:2
FNDA:4,readDb
FNDA:1,writeDb
FNDA:0,buildPrompt
FNDA:0,withTimeout
FNDA:0,aiFormat
DA:1,1
DA:2,1
DA:3,1
DA:4,1
DA:5,1
DA:6,1
DA:7,1
DA:8,1
DA:9,1
DA:10,1
DA:11,1
DA:12,1
DA:13,1
DA:14,1
DA:15,1
DA:16,1
DA:17,1
DA:18,1
DA:19,1
DA:20,1
DA:21,1
DA:22,1
DA:23,1
DA:24,1
DA:25,4
DA:26,4
DA:27,4
DA:28,4
DA:29,0
DA:30,0
DA:31,4
DA:32,1
DA:33,1
DA:34,1
DA:35,1
DA:36,1
DA:37,0
DA:38,0
DA:39,1
DA:40,1
DA:41,1
DA:42,1
DA:43,1
DA:44,0
DA:45,0
DA:46,0
DA:47,0
DA:48,0
DA:49,0
DA:50,0
DA:51,0
DA:52,0
DA:53,0
DA:54,0
DA:55,0
DA:56,0
DA:57,0
DA:58,0
DA:59,0
DA:60,0
DA:61,0
DA:62,0
DA:63,0
DA:64,0
DA:65,1
DA:66,0
DA:67,0
DA:68,0
DA:69,0
DA:70,0
DA:71,0
DA:72,0
DA:73,0
DA:74,0
DA:75,1
DA:76,0
DA:77,0
DA:78,0
DA:79,0
DA:80,0
DA:81,0
DA:82,0
DA:83,0
DA:84,0
DA:85,0
DA:86,0
DA:87,0
DA:88,0
DA:89,0
DA:90,0
DA:91,0
DA:92,0
DA:93,0
DA:94,0
DA:95,0
DA:96,0
DA:97,0
DA:98,0
DA:99,0
DA:100,0
DA:101,0
DA:102,0
DA:103,0
DA:104,0
DA:105,0
DA:106,0
DA:107,0
DA:108,0
DA:109,0
DA:110,0
DA:111,0
DA:112,0
DA:113,0
DA:114,0
DA:115,0
DA:116,0
DA:117,0
DA:118,0
DA:119,0
DA:120,0
DA:121,0
DA:122,0
DA:123,0
DA:124,0
DA:125,0
DA:126,0
DA:127,0
DA:128,0
DA:129,0
DA:130,0
DA:131,0
DA:132,0
DA:133,0
DA:134,0
DA:135,0
DA:136,0
DA:137,0
DA:138,0
DA:139,0
DA:140,0
DA:141,0
DA:142,0
DA:143,0
DA:144,0
DA:145,0
DA:146,0
DA:147,0
DA:148,0
DA:149,0
DA:150,0
DA:151,0
DA:152,0
DA:153,0
DA:154,0
DA:155,0
DA:156,0
DA:157,0
DA:158,0
DA:159,0
DA:160,0
DA:161,0
DA:162,0
DA:163,0
DA:164,0
DA:165,0
DA:166,0
DA:167,0
DA:168,0
DA:169,0
DA:170,0
DA:171,0
DA:172,0
DA:173,0
DA:174,0
DA:175,0
DA:176,0
DA:177,0
DA:178,0
DA:179,1
DA:180,1
DA:181,1
DA:182,1
DA:183,1
DA:184,1
DA:185,1
DA:186,1
DA:187,1
DA:188,1
DA:189,1
DA:190,1
DA:191,1
DA:192,1
DA:193,1
DA:194,1
DA:195,1
DA:196,1
DA:197,1
DA:198,1
DA:199,1
DA:200,1
DA:201,1
DA:202,1
DA:203,1
DA:204,1
DA:205,1
DA:206,1
DA:207,1
DA:208,1
DA:209,1
DA:210,1
DA:211,1
DA:212,1
DA:213,1
DA:214,1
DA:215,1
DA:216,1
DA:217,0
DA:218,0
DA:219,0
DA:220,0
DA:221,0
DA:222,0
DA:223,0
DA:224,0
DA:225,0
DA:226,0
DA:227,0
DA:228,0
DA:229,0
DA:230,0
DA:231,0
DA:232,0
DA:233,0
DA:234,1
DA:235,1
DA:236,1
DA:237,2
DA:238,2
DA:239,2
DA:240,2
DA:241,2
DA:242,2
DA:243,110
DA:244,110
DA:245,110
DA:246,110
DA:247,2
DA:248,2
DA:249,2
DA:250,2
DA:251,2
DA:252,2
DA:253,2
DA:254,1
DA:255,1
DA:256,1
DA:257,3
DA:258,3
DA:259,3
DA:260,2
DA:261,2
DA:262,2
DA:263,3
DA:264,3
DA:265,3
DA:266,3
DA:267,3
DA:268,3
DA:269,0
DA:270,0
DA:271,0
DA:272,2
DA:273,2
DA:274,2
DA:275,2
DA:276,3
DA:277,3
DA:278,3
DA:279,3
DA:280,3
DA:281,3
DA:282,3
DA:283,3
DA:284,3
DA:285,0
DA:286,0
DA:287,0
DA:288,1
DA:289,1
DA:290,1
DA:291,1
DA:292,0
DA:293,0
DA:294,0
DA:295,0
DA:296,0
DA:297,0
DA:298,0
DA:299,0
DA:300,0
DA:301,0
DA:302,0
DA:303,0
DA:304,0
DA:305,0
DA:306,0
DA:307,0
DA:308,0
DA:309,0
DA:310,0
DA:311,0
DA:312,0
DA:313,0
DA:314,0
DA:315,0
DA:316,0
DA:317,0
DA:318,0
DA:319,0
DA:320,0
DA:321,0
DA:322,0
DA:323,0
DA:324,0
DA:325,0
DA:326,0
DA:327,1
DA:328,1
DA:329,1
DA:330,1
DA:331,1
DA:332,1
DA:333,1
DA:334,1
DA:335,1
DA:336,0
DA:337,0
DA:338,0
DA:339,1
DA:340,1
DA:341,1
DA:342,1
DA:343,1
DA:344,0
DA:345,0
DA:346,0
DA:347,0
DA:348,0
DA:349,0
DA:350,0
DA:351,0
DA:352,0
DA:353,0
DA:354,0
DA:355,0
DA:356,0
DA:357,0
DA:358,0
DA:359,1
DA:360,1
LF:360
LH:147
BRDA:1,0,0,1
BRDA:343,1,0,0
BRDA:25,2,0,4
BRDA:28,3,0,0
BRDA:32,4,0,1
BRDA:34,5,0,0
BRDA:36,6,0,0
BRDA:183,7,0,1
BRDA:197,8,0,1
BRDA:198,9,0,0
BRDA:203,10,0,0
BRDA:204,11,0,0
BRDA:205,12,0,0
BRDA:206,13,0,0
BRDA:207,14,0,0
BRDA:208,15,0,0
BRDA:210,16,0,0
BRDA:236,17,0,2
BRDA:242,18,0,110
BRDA:243,19,0,0
BRDA:244,20,0,0
BRDA:244,21,0,0
BRDA:245,22,0,0
BRDA:251,23,0,0
BRDA:256,24,0,3
BRDA:258,25,0,0
BRDA:259,26,0,1
BRDA:260,27,0,2
BRDA:263,28,0,0
BRDA:263,29,0,0
BRDA:266,30,0,2
BRDA:268,31,0,0
BRDA:268,32,0,0
BRDA:272,33,0,2
BRDA:276,34,0,0
BRDA:276,35,0,2
BRDA:277,36,0,2
BRDA:277,37,0,1
BRDA:278,38,0,2
BRDA:278,39,0,0
BRDA:278,40,0,0
BRDA:278,41,0,2
BRDA:279,42,0,2
BRDA:279,43,0,0
BRDA:279,44,0,0
BRDA:279,45,0,2
BRDA:280,46,0,2
BRDA:281,47,0,2
BRDA:284,48,0,0
BRDA:334,49,0,1
BRDA:336,50,0,0
BRF:51
BRH:22
end_of_record
TN:
SF:src/lib/asr-guard.js
FN:28,sanitizeTranscript
FN:47,isPureHallucination
FNF:2
FNH:2
FNDA:9,sanitizeTranscript
FNDA:3,isPureHallucination
DA:1,1
DA:2,1
DA:3,1
DA:4,1
DA:5,1
DA:6,1
DA:7,1
DA:8,1
DA:9,1
DA:10,1
DA:11,1
DA:12,1
DA:13,1
DA:14,1
DA:15,1
DA:16,1
DA:17,1
DA:18,1
DA:19,1
DA:20,1
DA:21,1
DA:22,1
DA:23,1
DA:24,1
DA:25,1
DA:26,1
DA:27,1
DA:28,1
DA:29,9
DA:30,9
DA:31,7
DA:32,9
DA:33,77
DA:34,4
DA:35,4
DA:36,4
DA:37,77
DA:38,7
DA:39,7
DA:40,9
DA:41,4
DA:42,4
DA:43,3
DA:44,9
DA:45,1
DA:46,1
DA:47,1
DA:48,3
DA:49,3
DA:50,3
LF:50
LH:50
BRDA:1,0,0,1
BRDA:28,1,0,9
BRDA:29,2,0,2
BRDA:30,3,0,2
BRDA:31,4,0,7
BRDA:32,5,0,77
BRDA:33,6,0,4
BRDA:38,7,0,7
BRDA:40,8,0,4
BRDA:43,9,0,3
BRDA:47,10,0,3
BRDA:49,11,0,2
BRF:12
BRH:12
end_of_record
TN:
SF:src/lib/dictio.js
FN:11,isPlainObject
FN:14,makePutter
FN:15,put
FN:29,absorbJson
FN:54,parsePairsText
FN:92,serializePairs
FN:103,mergeIntoText
FNF:7
FNH:7
FNDA:6,isPlainObject
FNDA:10,makePutter
FNDA:29,put
FNDA:3,absorbJson
FNDA:11,parsePairsText
FNDA:2,serializePairs
FNDA:1,mergeIntoText
DA:1,1
DA:2,1
DA:3,1
DA:4,1
DA:5,1
DA:6,1
DA:7,1
DA:8,1
DA:9,1
DA:10,1
DA:11,1
DA:12,1
DA:13,1
DA:14,10
DA:15,10
DA:16,29
DA:17,29
DA:18,29
DA:19,29
DA:20,6
DA:21,6
DA:22,29
DA:23,23
DA:24,23
DA:25,29
DA:26,10
DA:27,10
DA:28,1
DA:29,3
DA:30,3
DA:31,1
DA:32,2
DA:33,1
DA:34,1
DA:35,1
DA:36,1
DA:37,2
DA:38,3
DA:39,2
DA:40,1
DA:41,1
DA:42,1
DA:43,1
DA:44,1
DA:45,1
DA:46,1
DA:47,2
DA:48,3
DA:49,1
DA:50,1
DA:51,1
DA:52,1
DA:53,1
DA:54,1
DA:55,11
DA:56,11
DA:57,11
DA:58,11
DA:59,10
DA:60,10
DA:61,10
DA:62,10
DA:63,11
DA:64,3
DA:65,3
DA:66,3
DA:67,3
DA:68,0
DA:69,0
DA:70,3
DA:71,7
DA:72,11
DA:73,35
DA:74,35
DA:75,25
DA:76,35
DA:77,2
DA:78,2
DA:79,2
DA:80,23
DA:81,23
DA:82,35
DA:83,1
DA:84,1
DA:85,1
DA:86,22
DA:87,22
DA:88,7
DA:89,11
DA:90,1
DA:91,1
DA:92,1
DA:93,2
DA:94,2
DA:95,2
DA:96,2
DA:97,2
DA:98,1
DA:99,1
DA:100,1
DA:101,1
DA:102,1
DA:103,1
DA:104,1
DA:105,1
DA:106,1
DA:107,1
DA:108,1
DA:109,1
DA:110,1
DA:111,1
DA:112,1
DA:113,1
DA:114,1
DA:115,1
DA:116,1
DA:117,1
DA:118,1
DA:119,1
DA:120,1
DA:121,1
DA:122,1
DA:123,1
DA:124,1
DA:125,1
DA:126,1
LF:126
LH:124
BRDA:1,0,0,1
BRDA:11,1,0,6
BRDA:11,2,0,4
BRDA:14,3,0,10
BRDA:15,4,0,29
BRDA:16,5,0,0
BRDA:17,6,0,0
BRDA:18,7,0,0
BRDA:19,8,0,6
BRDA:20,9,0,0
BRDA:22,10,0,23
BRDA:29,11,0,3
BRDA:30,12,0,1
BRDA:31,13,0,2
BRDA:32,14,0,1
BRDA:32,15,0,1
BRDA:35,16,0,0
BRDA:35,17,0,0
BRDA:38,18,0,2
BRDA:39,19,0,1
BRDA:39,20,0,1
BRDA:40,21,0,0
BRDA:42,22,0,0
BRDA:43,23,0,2
BRDA:45,24,0,2
BRDA:54,25,0,11
BRDA:58,26,0,1
BRDA:59,27,0,10
BRDA:63,28,0,8
BRDA:63,29,0,3
BRDA:67,30,0,0
BRDA:71,31,0,7
BRDA:72,32,0,35
BRDA:74,33,0,33
BRDA:74,34,0,30
BRDA:74,35,0,10
BRDA:75,36,0,25
BRDA:76,37,0,24
BRDA:76,38,0,2
BRDA:80,39,0,23
BRDA:82,40,0,1
BRDA:86,41,0,22
BRDA:88,42,0,7
BRDA:92,43,0,2
BRDA:94,44,0,1
BRDA:95,45,0,4
BRDA:103,46,0,1
BRDA:105,47,0,0
BRDA:106,48,0,0
BRF:49
BRH:38
end_of_record
TN:
SF:src/lib/formatter.js
FN:139,countWords
FN:141,capitalize
FN:146,esc
FN:200,parseRuNumber
FN:226,normalizeNumbers
FN:237,normalizeDomainsEmailsPhones
FN:261,normalizeQuantities
FN:285,collapseRepeats
FN:296,applySelfCorrection
FN:318,buildCombinedMatcher
FN:368,replaceMatch
FN:382,applyDictionary
FN:391,replaceInText
FN:399,applyListCommands
FN:443,applySpokenPunctuation
FN:477,normalizeHomoglyphs
FN:492,stripModelTags
FN:532,restoreYoLetters
FN:549,removeFillers
FN:563,tidyPunctuation
FN:586,insertCommas
FN:600,sentenceize
FN:639,textToBlocks
FN:648,applyMode
FN:652,joinParas
FN:674,markTerms
FN:694,formatText
FN:771,removedFillersCount
FN:781,countWordsIn
FNF:29
FNH:29
FNDA:85,countWords
FNDA:118,capitalize
FNDA:18746,esc
FNDA:15,parseRuNumber
FNDA:75,normalizeNumbers
FNDA:81,normalizeDomainsEmailsPhones
FNDA:81,normalizeQuantities
FNDA:81,collapseRepeats
FNDA:81,applySelfCorrection
FNDA:81,buildCombinedMatcher
FNDA:18,replaceMatch
FNDA:81,applyDictionary
FNDA:1,replaceInText
FNDA:75,applyListCommands
FNDA:80,applySpokenPunctuation
FNDA:84,normalizeHomoglyphs
FNDA:5,stripModelTags
FNDA:2,restoreYoLetters
FNDA:81,removeFillers
FNDA:161,tidyPunctuation
FNDA:80,insertCommas
FNDA:87,sentenceize
FNDA:80,textToBlocks
FNDA:81,applyMode
FNDA:78,joinParas
FNDA:2,markTerms
FNDA:82,formatText
FNDA:81,removedFillersCount
FNDA:4,countWordsIn
DA:1,14
DA:2,14
DA:3,14
DA:4,14
DA:5,14
DA:6,14
DA:7,14
DA:8,14
DA:9,14
DA:10,14
DA:11,14
DA:12,14
DA:13,14
DA:14,14
DA:15,14
DA:16,14
DA:17,14
DA:18,14
DA:19,14
DA:20,14
DA:21,14
DA:22,14
DA:23,14
DA:24,14
DA:25,14
DA:26,14
DA:27,14
DA:28,14
DA:29,14
DA:30,14
DA:31,14
DA:32,14
DA:33,14
DA:34,14
DA:35,14
DA:36,14
DA:37,14
DA:38,14
DA:39,14
DA:40,14
DA:41,14
DA:42,14
DA:43,14
DA:44,14
DA:45,14
DA:46,14
DA:47,14
DA:48,14
DA:49,14
DA:50,14
DA:51,14
DA:52,14
DA:53,14
DA:54,14
DA:55,14
DA:56,14
DA:57,14
DA:58,14
DA:59,14
DA:60,14
DA:61,14
DA:62,14
DA:63,14
DA:64,14
DA:65,14
DA:66,14
DA:67,14
DA:68,14
DA:69,14
DA:70,14
DA:71,14
DA:72,14
DA:73,14
DA:74,14
DA:75,14
DA:76,14
DA:77,14
DA:78,14
DA:79,14
DA:80,14
DA:81,14
DA:82,14
DA:83,14
DA:84,14
DA:85,14
DA:86,14
DA:87,14
DA:88,14
DA:89,14
DA:90,14
DA:91,14
DA:92,14
DA:93,14
DA:94,14
DA:95,14
DA:96,14
DA:97,14
DA:98,14
DA:99,14
DA:100,14
DA:101,14
DA:102,14
DA:103,14
DA:104,14
DA:105,14
DA:106,14
DA:107,14
DA:108,14
DA:109,14
DA:110,14
DA:111,14
DA:112,14
DA:113,14
DA:114,14
DA:115,14
DA:116,14
DA:117,14
DA:118,14
DA:119,14
DA:120,14
DA:121,14
DA:122,14
DA:123,14
DA:124,14
DA:125,14
DA:126,14
DA:127,14
DA:128,14
DA:129,14
DA:130,14
DA:131,14
DA:132,14
DA:133,14
DA:134,14
DA:135,14
DA:136,14
DA:137,14
DA:138,14
DA:139,14
DA:140,14
DA:141,14
DA:142,14
DA:143,14
DA:144,14
DA:145,14
DA:146,14
DA:147,14
DA:148,14
DA:149,14
DA:150,14
DA:151,14
DA:152,14
DA:153,14
DA:154,14
DA:155,14
DA:156,14
DA:157,14
DA:158,14
DA:159,14
DA:160,14
DA:161,14
DA:162,14
DA:163,14
DA:164,14
DA:165,14
DA:166,14
DA:167,14
DA:168,14
DA:169,14
DA:170,14
DA:171,14
DA:172,14
DA:173,14
DA:174,14
DA:175,14
DA:176,14
DA:177,14
DA:178,14
DA:179,14
DA:180,14
DA:181,14
DA:182,14
DA:183,14
DA:184,14
DA:185,14
DA:186,14
DA:187,14
DA:188,14
DA:189,14
DA:190,14
DA:191,14
DA:192,14
DA:193,14
DA:194,14
DA:195,14
DA:196,14
DA:197,14
DA:198,14
DA:199,14
DA:200,14
DA:201,15
DA:202,15
DA:203,15
DA:204,15
DA:205,15
DA:206,23
DA:207,23
DA:208,23
DA:209,22
DA:210,22
DA:211,23
DA:212,3
DA:213,3
DA:214,23
DA:215,19
DA:216,19
DA:217,23
DA:218,15
DA:219,14
DA:220,15
DA:221,14
DA:222,14
DA:223,14
DA:224,14
DA:225,14
DA:226,75
DA:227,75
DA:228,14
DA:229,14
DA:230,2
DA:231,2
DA:232,12
DA:233,14
DA:234,75
DA:235,75
DA:236,14
DA:237,81
DA:238,81
DA:239,81
DA:240,81
DA:241,81
DA:242,81
DA:243,81
DA:244,81
DA:245,81
DA:246,81
DA:247,81
DA:248,81
DA:249,81
DA:250,81
DA:251,81
DA:252,81
DA:253,81
DA:254,0
DA:255,0
DA:256,0
DA:257,81
DA:258,81
DA:259,81
DA:260,14
DA:261,81
DA:262,81
DA:263,81
DA:264,81
DA:265,81
DA:266,81
DA:267,81
DA:268,81
DA:269,81
DA:270,81
DA:271,81
DA:272,1
DA:273,1
DA:274,1
DA:275,81
DA:276,81
DA:277,81
DA:278,81
DA:279,81
DA:280,81
DA:281,81
DA:282,81
DA:283,14
DA:284,14
DA:285,81
DA:286,81
DA:287,81
DA:288,81
DA:289,84
DA:290,84
DA:291,84
DA:292,81
DA:293,81
DA:294,14
DA:295,14
DA:296,81
DA:297,81
DA:298,81
DA:299,81
DA:300,81
DA:301,81
DA:302,81
DA:303,81
DA:304,81
DA:305,14
DA:306,14
DA:307,14
DA:308,14
DA:309,14
DA:310,14
DA:311,14
DA:312,14
DA:313,14
DA:314,14
DA:315,14
DA:316,14
DA:317,14
DA:318,81
DA:319,81
DA:320,81
DA:321,81
DA:322,81
DA:323,79
DA:324,81
DA:325,237
DA:326,237
DA:327,12022
DA:328,12022
DA:329,91
DA:330,81
DA:331,79
DA:332,79
DA:333,79
DA:334,81
DA:335,79
DA:336,81
DA:337,14
DA:338,14
DA:339,14
DA:340,14
DA:341,14
DA:342,14
DA:343,14
DA:344,14
DA:345,14
DA:346,14
DA:347,14
DA:348,14
DA:349,14
DA:350,14
DA:351,14
DA:352,14
DA:353,14
DA:354,14
DA:355,14
DA:356,14
DA:357,14
DA:358,14
DA:359,14
DA:360,14
DA:361,14
DA:362,14
DA:363,14
DA:364,14
DA:365,14
DA:366,14
DA:367,14
DA:368,18
DA:369,18
DA:370,18
DA:371,18
DA:372,18
DA:373,2
DA:374,2
DA:375,16
DA:376,18
DA:377,14
DA:378,14
DA:379,14
DA:380,14
DA:381,14
DA:382,81
DA:383,81
DA:384,81
DA:385,81
DA:386,81
DA:387,81
DA:388,81
DA:389,14
DA:390,14
DA:391,14
DA:392,1
DA:393,1
DA:394,1
DA:395,1
DA:396,14
DA:397,14
DA:398,14
DA:399,75
DA:400,75
DA:401,75
DA:402,75
DA:403,2
DA:404,2
DA:405,2
DA:406,2
DA:407,1
DA:408,1
DA:409,2
DA:410,29
DA:411,1
DA:412,1
DA:413,1
DA:414,1
DA:415,1
DA:416,3
DA:417,3
DA:418,1
DA:419,1
DA:420,1
DA:421,1
DA:422,1
DA:423,1
DA:424,0
DA:425,0
DA:426,1
DA:427,1
DA:428,3
DA:429,1
DA:430,1
DA:431,1
DA:432,1
DA:433,1
DA:434,3
DA:435,1
DA:436,1
DA:437,1
DA:438,1
DA:439,2
DA:440,75
DA:441,14
DA:442,14
DA:443,80
DA:444,80
DA:445,80
DA:446,1650
DA:447,1650
DA:448,80
DA:449,80
DA:450,14
DA:451,14
DA:452,14
DA:453,14
DA:454,14
DA:455,14
DA:456,14
DA:457,14
DA:458,14
DA:459,14
DA:460,14
DA:461,14
DA:462,14
DA:463,14
DA:464,14
DA:465,14
DA:466,14
DA:467,14
DA:468,14
DA:469,14
DA:470,14
DA:471,14
DA:472,14
DA:473,14
DA:474,14
DA:475,14
DA:476,14
DA:477,14
DA:478,84
DA:479,84
DA:480,76
DA:481,9
DA:482,76
DA:483,76
DA:484,76
DA:485,1
DA:486,1
DA:487,76
DA:488,76
DA:489,84
DA:490,14
DA:491,14
DA:492,14
DA:493,5
DA:494,4
DA:495,4
DA:496,4
DA:497,4
DA:498,4
DA:499,4
DA:500,4
DA:501,5
DA:502,14
DA:503,14
DA:504,14
DA:505,14
DA:506,14
DA:507,14
DA:508,14
DA:509,14
DA:510,14
DA:511,14
DA:512,14
DA:513,14
DA:514,14
DA:515,14
DA:516,14
DA:517,14
DA:518,14
DA:519,14
DA:520,14
DA:521,14
DA:522,14
DA:523,14
DA:524,14
DA:525,14
DA:526,14
DA:527,14
DA:528,14
DA:529,14
DA:530,14
DA:531,14
DA:532,2
DA:533,2
DA:534,2
DA:535,2
DA:536,50
DA:537,50
DA:538,7
DA:539,7
DA:540,1
DA:541,1
DA:542,6
DA:543,50
DA:544,50
DA:545,2
DA:546,2
DA:547,14
DA:548,14
DA:549,81
DA:550,81
DA:551,81
DA:552,81
DA:553,1560
DA:554,1560
DA:555,27
DA:556,27
DA:557,1560
DA:558,1560
DA:559,81
DA:560,81
DA:561,14
DA:562,14
DA:563,161
DA:564,161
DA:565,161
DA:566,161
DA:567,161
DA:568,161
DA:569,4
DA:570,4
DA:571,4
DA:572,4
DA:573,4
DA:574,4
DA:575,0
DA:576,161
DA:577,161
DA:578,161
DA:579,161
DA:580,161
DA:581,161
DA:582,161
DA:583,161
DA:584,14
DA:585,14
DA:586,80
DA:587,80
DA:588,80
DA:589,80
DA:590,1146
DA:591,1146
DA:592,1146
DA:593,1146
DA:594,1146
DA:595,1146
DA:596,80
DA:597,80
DA:598,14
DA:599,14
DA:600,87
DA:601,87
DA:602,87
DA:603,87
DA:604,87
DA:605,87
DA:606,87
DA:607,87
DA:608,87
DA:609,115
DA:610,115
DA:611,115
DA:612,446
DA:613,446
DA:614,446
DA:615,446
DA:616,446
DA:617,446
DA:618,446
DA:619,0
DA:620,0
DA:621,0
DA:622,446
DA:623,115
DA:624,115
DA:625,87
DA:626,87
DA:627,87
DA:628,115
DA:629,115
DA:630,115
DA:631,115
DA:632,115
DA:633,115
DA:634,87
DA:635,87
DA:636,87
DA:637,14
DA:638,14
DA:639,80
DA:640,80
DA:641,80
DA:642,80
DA:643,80
DA:644,80
DA:645,80
DA:646,14
DA:647,14
DA:648,81
DA:649,81
DA:650,81
DA:651,81
DA:652,81
DA:653,81
DA:654,81
DA:655,81
DA:656,4
DA:657,4
DA:658,4
DA:659,4
DA:660,4
DA:661,4
DA:662,4
DA:663,4
DA:664,81
DA:665,1
DA:666,1
DA:667,81
DA:668,1
DA:669,1
DA:670,1
DA:671,1
DA:672,1
DA:673,81
DA:674,1
DA:675,2
DA:676,54
DA:677,54
DA:678,2
DA:679,1
DA:680,1
DA:681,1
DA:682,1
DA:683,1
DA:684,81
DA:685,74
DA:686,81
DA:687,81
DA:688,14
DA:689,14
DA:690,14
DA:691,14
DA:692,14
DA:693,14
DA:694,14
DA:695,82
DA:696,82
DA:697,82
DA:698,82
DA:699,82
DA:700,82
DA:701,82
DA:702,82
DA:703,82
DA:704,82
DA:705,82
DA:706,82
DA:707,82
DA:708,82
DA:709,1
DA:710,1
DA:711,82
DA:712,82
DA:713,82
DA:714,82
DA:715,82
DA:716,82
DA:717,82
DA:718,82
DA:719,82
DA:720,75
DA:721,75
DA:722,81
DA:723,82
DA:724,75
DA:725,75
DA:726,81
DA:727,80
DA:728,80
DA:729,81
DA:730,81
DA:731,82
DA:732,2
DA:733,2
DA:734,2
DA:735,2
DA:736,81
DA:737,81
DA:738,81
DA:739,80
DA:740,80
DA:741,80
DA:742,81
DA:743,81
DA:744,81
DA:745,81
DA:746,80
DA:747,82
DA:748,1
DA:749,1
DA:750,1
DA:751,1
DA:752,1
DA:753,1
DA:754,1
DA:755,81
DA:756,81
DA:757,81
DA:758,81
DA:759,81
DA:760,81
DA:761,81
DA:762,81
DA:763,81
DA:764,81
DA:765,81
DA:766,81
DA:767,81
DA:768,82
DA:769,14
DA:770,14
DA:771,81
DA:772,81
DA:773,81
DA:774,1560
DA:775,1560
DA:776,1560
DA:777,1560
DA:778,81
DA:779,81
DA:780,14
DA:781,14
DA:782,4
DA:783,4
DA:784,14
DA:785,14
DA:786,14
DA:787,14
DA:788,14
DA:789,14
LF:789
LH:780
BRDA:1,0,0,14
BRDA:139,1,0,85
BRDA:139,2,0,83
BRDA:139,3,0,2
BRDA:141,4,0,118
BRDA:141,5,0,0
BRDA:146,6,0,18746
BRDA:200,7,0,15
BRDA:205,8,0,23
BRDA:206,9,0,0
BRDA:208,10,0,1
BRDA:209,11,0,22
BRDA:211,12,0,3
BRDA:212,13,0,0
BRDA:214,14,0,19
BRDA:218,15,0,1
BRDA:219,16,0,14
BRDA:226,17,0,75
BRDA:227,18,0,14
BRDA:229,19,0,11
BRDA:229,20,0,9
BRDA:229,21,0,2
BRDA:232,22,0,12
BRDA:233,23,0,0
BRDA:237,24,0,81
BRDA:242,25,0,1
BRDA:247,26,0,1
BRDA:250,27,0,1
BRDA:261,28,0,81
BRDA:271,29,0,1
BRDA:285,30,0,81
BRDA:288,31,0,165
BRDA:288,32,0,84
BRDA:296,33,0,81
BRDA:299,34,0,81
BRDA:301,35,0,1
BRDA:301,36,0,80
BRDA:318,37,0,81
BRDA:320,38,0,12
BRDA:321,39,0,12
BRDA:321,40,0,69
BRDA:322,41,0,2
BRDA:323,42,0,79
BRDA:324,43,0,237
BRDA:325,44,0,146
BRDA:326,45,0,91
BRDA:326,46,0,12022
BRDA:329,47,0,91
BRDA:330,48,0,79
BRDA:330,49,0,0
BRDA:331,50,0,79
BRDA:334,51,0,10
BRDA:335,52,0,79
BRDA:331,53,0,17049
BRDA:368,54,0,18
BRDA:370,55,0,0
BRDA:372,56,0,2
BRDA:372,57,0,2
BRDA:375,58,0,16
BRDA:382,59,0,81
BRDA:385,60,0,0
BRDA:386,61,0,18
BRDA:391,62,0,1
BRDA:392,63,0,0
BRDA:399,64,0,75
BRDA:402,65,0,74
BRDA:402,66,0,73
BRDA:403,67,0,29
BRDA:403,68,0,2
BRDA:410,69,0,1
BRDA:415,70,0,3
BRDA:417,71,0,1
BRDA:423,72,0,0
BRDA:428,73,0,2
BRDA:428,74,0,1
BRDA:428,75,0,1
BRDA:439,76,0,2
BRDA:406,77,0,1
BRDA:443,78,0,80
BRDA:445,79,0,1650
BRDA:477,80,0,84
BRDA:479,81,0,8
BRDA:480,82,0,76
BRDA:480,83,0,9
BRDA:481,84,0,2
BRDA:481,85,0,0
BRDA:484,86,0,1
BRDA:486,87,0,0
BRDA:486,88,0,0
BRDA:492,89,0,5
BRDA:493,90,0,1
BRDA:494,91,0,4
BRDA:532,92,0,2
BRDA:535,93,0,50
BRDA:537,94,0,7
BRDA:539,95,0,1
BRDA:539,96,0,1
BRDA:542,97,0,6
BRDA:549,98,0,81
BRDA:552,99,0,1560
BRDA:552,100,0,5013
BRDA:554,101,0,27
BRDA:563,102,0,161
BRDA:568,103,0,4
BRDA:572,104,0,0
BRDA:575,105,0,0
BRDA:586,106,0,80
BRDA:589,107,0,1146
BRDA:591,108,0,1110
BRDA:591,109,0,1072
BRDA:588,110,0,2958
BRDA:592,111,0,74
BRDA:600,112,0,87
BRDA:608,113,0,115
BRDA:611,114,0,446
BRDA:618,115,0,61
BRDA:618,116,0,0
BRDA:605,117,0,115
BRDA:617,118,0,2977
BRDA:627,119,0,115
BRDA:629,120,0,0
BRDA:632,121,0,75
BRDA:639,122,0,80
BRDA:642,123,0,87
BRDA:644,124,0,87
BRDA:644,125,0,87
BRDA:648,126,0,81
BRDA:649,127,0,6
BRDA:649,128,0,75
BRDA:650,129,0,77
BRDA:650,130,0,77
BRDA:650,131,0,5
BRDA:650,132,0,72
BRDA:655,133,0,4
BRDA:659,134,0,1
BRDA:660,135,0,3
BRDA:661,136,0,1
BRDA:661,137,0,3
BRDA:664,138,0,1
BRDA:667,139,0,1
BRDA:673,140,0,1
BRDA:680,141,0,0
BRDA:684,142,0,74
BRDA:652,143,0,78
BRDA:652,144,0,85
BRDA:665,145,0,2
BRDA:674,146,0,2
BRDA:675,147,0,54
BRDA:676,148,0,3
BRDA:681,149,0,2
BRDA:694,150,0,82
BRDA:708,151,0,1
BRDA:711,152,0,81
BRDA:711,153,0,6
BRDA:711,154,0,75
BRDA:719,155,0,75
BRDA:719,156,0,75
BRDA:722,157,0,81
BRDA:723,158,0,75
BRDA:726,159,0,81
BRDA:726,160,0,80
BRDA:731,161,0,75
BRDA:731,162,0,2
BRDA:736,163,0,81
BRDA:738,164,0,80
BRDA:745,165,0,80
BRDA:747,166,0,1
BRDA:755,167,0,81
BRDA:751,168,0,1
BRDA:753,169,0,1
BRDA:771,170,0,81
BRDA:773,171,0,1560
BRDA:776,172,0,27
BRDA:781,173,0,4
BRF:174
BRH:157
end_of_record
TN:
SF:src/lib/hotkey.js
FN:60,parseHotkey
FN:84,canonicalKey
FN:95,normalizeAccelerator
FN:108,isValidAccelerator
FN:116,toElectronAccelerator
FN:129,hotkeyFromEvent
FN:148,codeToKey
FN:157,hotkeyMatches
FNF:8
FNH:8
FNDA:32,parseHotkey
FNDA:25,canonicalKey
FNDA:15,normalizeAccelerator
FNDA:6,isValidAccelerator
FNDA:4,toElectronAccelerator
FNDA:5,hotkeyFromEvent
FNDA:10,codeToKey
FNDA:7,hotkeyMatches
DA:1,1
DA:2,1
DA:3,1
DA:4,1
DA:5,1
DA:6,1
DA:7,1
DA:8,1
DA:9,1
DA:10,1
DA:11,1
DA:12,1
DA:13,1
DA:14,1
DA:15,1
DA:16,1
DA:17,1
DA:18,1
DA:19,1
DA:20,1
DA:21,1
DA:22,1
DA:23,1
DA:24,1
DA:25,1
DA:26,1
DA:27,1
DA:28,1
DA:29,1
DA:30,1
DA:31,1
DA:32,1
DA:33,1
DA:34,1
DA:35,1
DA:36,1
DA:37,1
DA:38,1
DA:39,1
DA:40,1
DA:41,1
DA:42,1
DA:43,1
DA:44,1
DA:45,1
DA:46,1
DA:47,1
DA:48,1
DA:49,1
DA:50,1
DA:51,1
DA:52,1
DA:53,1
DA:54,1
DA:55,1
DA:56,1
DA:57,1
DA:58,1
DA:59,1
DA:60,1
DA:61,32
DA:62,29
DA:63,29
DA:64,29
DA:65,29
DA:66,32
DA:67,29
DA:68,32
DA:69,55
DA:70,55
DA:71,29
DA:72,28
DA:73,28
DA:74,28
DA:75,55
DA:76,25
DA:77,55
DA:78,21
DA:79,21
DA:80,32
DA:81,21
DA:82,32
DA:83,1
DA:84,25
DA:85,25
DA:86,25
DA:87,25
DA:88,25
DA:89,25
DA:90,25
DA:91,4
DA:92,25
DA:93,1
DA:94,1
DA:95,1
DA:96,15
DA:97,15
DA:98,8
DA:99,15
DA:100,15
DA:101,15
DA:102,15
DA:103,8
DA:104,8
DA:105,15
DA:106,1
DA:107,1
DA:108,1
DA:109,6
DA:110,6
DA:111,6
DA:112,3
DA:113,6
DA:114,1
DA:115,1
DA:116,1
DA:117,4
DA:118,4
DA:119,3
DA:120,4
DA:121,4
DA:122,4
DA:123,4
DA:124,3
DA:125,3
DA:126,4
DA:127,1
DA:128,1
DA:129,1
DA:130,5
DA:131,5
DA:132,5
DA:133,5
DA:134,5
DA:135,5
DA:136,5
DA:137,5
DA:138,5
DA:139,4
DA:140,5
DA:141,5
DA:142,5
DA:143,5
DA:144,4
DA:145,4
DA:146,5
DA:147,1
DA:148,10
DA:149,10
DA:150,10
DA:151,10
DA:152,10
DA:153,10
DA:154,10
DA:155,1
DA:156,1
DA:157,1
DA:158,7
DA:159,7
DA:160,5
DA:161,7
DA:162,4
DA:163,7
DA:164,7
DA:165,7
DA:166,2
DA:167,7
DA:168,7
LF:168
LH:168
BRDA:1,0,0,1
BRDA:57,1,0,25
BRDA:60,2,0,32
BRDA:61,3,0,29
BRDA:61,4,0,3
BRDA:62,5,0,29
BRDA:66,6,0,0
BRDA:67,7,0,29
BRDA:68,8,0,55
BRDA:70,9,0,29
BRDA:71,10,0,1
BRDA:71,11,0,28
BRDA:75,12,0,26
BRDA:75,13,0,1
BRDA:75,14,0,25
BRDA:77,15,0,4
BRDA:78,16,0,21
BRDA:80,17,0,23
BRDA:80,18,0,2
BRDA:81,19,0,21
BRDA:64,20,0,58
BRDA:84,21,0,25
BRDA:85,22,0,2
BRDA:85,23,0,23
BRDA:86,24,0,9
BRDA:86,25,0,14
BRDA:87,26,0,8
BRDA:87,27,0,6
BRDA:88,28,0,0
BRDA:88,29,0,6
BRDA:89,30,0,1
BRDA:89,31,0,5
BRDA:90,32,0,1
BRDA:90,33,0,4
BRDA:95,34,0,15
BRDA:97,35,0,7
BRDA:98,36,0,8
BRDA:99,37,0,2
BRDA:100,38,0,8
BRDA:100,39,0,2
BRDA:101,40,0,8
BRDA:101,41,0,1
BRDA:102,42,0,8
BRDA:102,43,0,1
BRDA:103,44,0,8
BRDA:108,45,0,6
BRDA:110,46,0,1
BRDA:111,47,0,5
BRDA:111,48,0,4
BRDA:111,49,0,3
BRDA:111,50,0,2
BRDA:112,51,0,3
BRDA:116,52,0,4
BRDA:118,53,0,1
BRDA:119,54,0,3
BRDA:120,55,0,1
BRDA:121,56,0,3
BRDA:121,57,0,1
BRDA:122,58,0,3
BRDA:122,59,0,1
BRDA:123,60,0,3
BRDA:123,61,0,1
BRDA:124,62,0,3
BRDA:129,63,0,5
BRDA:138,64,0,1
BRDA:139,65,0,4
BRDA:140,66,0,2
BRDA:141,67,0,4
BRDA:141,68,0,1
BRDA:142,69,0,4
BRDA:142,70,0,1
BRDA:143,71,0,4
BRDA:143,72,0,1
BRDA:144,73,0,4
BRDA:148,74,0,10
BRDA:149,75,0,0
BRDA:150,76,0,2
BRDA:151,77,0,8
BRDA:151,78,0,0
BRDA:152,79,0,8
BRDA:152,80,0,1
BRDA:153,81,0,7
BRDA:153,82,0,1
BRDA:157,83,0,7
BRDA:159,84,0,2
BRDA:160,85,0,5
BRDA:161,86,0,1
BRDA:162,87,0,4
BRDA:163,88,0,3
BRDA:164,89,0,2
BRDA:165,90,0,2
BRF:91
BRH:87
end_of_record
TN:
SF:src/lib/journal.js
FN:14,newId
FN:16,loadJournal
FN:29,persist
FN:54,addUtterance
FN:78,listUtterances
FN:83,searchUtterances
FN:90,filterUtterances
FN:99,deleteUtterance
FN:106,clearJournal
FN:112,exportJSONL
FN:120,exportJSON
FN:125,exportMarkdown
FN:144,exportCSV
FN:155,journalSummary
FN:165,p
FN:179,downloadFile
FNF:16
FNH:15
FNDA:18,newId
FNDA:30,loadJournal
FNDA:22,persist
FNDA:18,addUtterance
FNDA:6,listUtterances
FNDA:1,searchUtterances
FNDA:1,filterUtterances
FNDA:1,deleteUtterance
FNDA:3,clearJournal
FNDA:1,exportJSONL
FNDA:1,exportJSON
FNDA:1,exportMarkdown
FNDA:1,exportCSV
FNDA:1,journalSummary
FNDA:2,p
FNDA:0,downloadFile
DA:1,1
DA:2,1
DA:3,1
DA:4,1
DA:5,1
DA:6,1
DA:7,1
DA:8,1
DA:9,1
DA:10,1
DA:11,1
DA:12,1
DA:13,1
DA:14,1
DA:15,1
DA:16,1
DA:17,30
DA:18,30
DA:19,30
DA:20,21
DA:21,21
DA:22,21
DA:23,30
DA:24,0
DA:25,0
DA:26,9
DA:27,30
DA:28,1
DA:29,22
DA:30,22
DA:31,22
DA:32,22
DA:33,0
DA:34,0
DA:35,22
DA:36,1
DA:37,1
DA:38,1
DA:39,1
DA:40,1
DA:41,1
DA:42,1
DA:43,1
DA:44,1
DA:45,1
DA:46,1
DA:47,1
DA:48,1
DA:49,1
DA:50,1
DA:51,1
DA:52,1
DA:53,1
DA:54,1
DA:55,18
DA:56,18
DA:57,18
DA:58,18
DA:59,18
DA:60,18
DA:61,18
DA:62,18
DA:63,18
DA:64,18
DA:65,18
DA:66,18
DA:67,18
DA:68,18
DA:69,18
DA:70,18
DA:71,18
DA:72,18
DA:73,18
DA:74,18
DA:75,18
DA:76,18
DA:77,1
DA:78,1
DA:79,1
DA:80,1
DA:81,1
DA:82,1
DA:83,1
DA:84,1
DA:85,1
DA:86,1
DA:87,1
DA:88,1
DA:89,1
DA:90,1
DA:91,1
DA:92,2
DA:93,2
DA:94,1
DA:95,1
DA:96,1
DA:97,1
DA:98,1
DA:99,1
DA:100,1
DA:101,1
DA:102,1
DA:103,1
DA:104,1
DA:105,1
DA:106,1
DA:107,3
DA:108,3
DA:109,3
DA:110,1
DA:111,1
DA:112,1
DA:113,1
DA:114,1
DA:115,1
DA:116,1
DA:117,1
DA:118,1
DA:119,1
DA:120,1
DA:121,1
DA:122,1
DA:123,1
DA:124,1
DA:125,1
DA:126,1
DA:127,1
DA:128,1
DA:129,1
DA:130,1
DA:131,1
DA:132,1
DA:133,1
DA:134,1
DA:135,1
DA:136,1
DA:137,1
DA:138,1
DA:139,1
DA:140,1
DA:141,1
DA:142,1
DA:143,1
DA:144,1
DA:145,1
DA:146,1
DA:147,1
DA:148,1
DA:149,1
DA:150,1
DA:151,1
DA:152,1
DA:153,1
DA:154,1
DA:155,1
DA:156,1
DA:157,1
DA:158,1
DA:159,1
DA:160,1
DA:161,1
DA:162,1
DA:163,1
DA:164,1
DA:165,1
DA:166,1
DA:167,1
DA:168,1
DA:169,1
DA:170,1
DA:171,1
DA:172,1
DA:173,1
DA:174,1
DA:175,1
DA:176,1
DA:177,1
DA:178,1
DA:179,1
DA:180,0
DA:181,0
DA:182,0
DA:183,0
DA:184,0
DA:185,0
DA:186,0
DA:187,0
DA:188,0
DA:189,0
DA:190,0
DA:191,0
DA:192,0
LF:192
LH:175
BRDA:1,0,0,1
BRDA:14,1,0,18
BRDA:16,2,0,30
BRDA:19,3,0,21
BRDA:23,4,0,0
BRDA:26,5,0,9
BRDA:29,6,0,22
BRDA:32,7,0,0
BRDA:54,8,0,18
BRDA:60,9,0,11
BRDA:61,10,0,1
BRDA:61,11,0,17
BRDA:61,12,0,0
BRDA:62,13,0,0
BRDA:63,14,0,12
BRDA:64,15,0,15
BRDA:65,16,0,15
BRDA:66,17,0,15
BRDA:67,18,0,16
BRDA:68,19,0,16
BRDA:70,20,0,16
BRDA:78,21,0,6
BRDA:83,22,0,1
BRDA:84,23,0,0
BRDA:85,24,0,0
BRDA:86,25,0,2
BRDA:86,26,0,0
BRDA:90,27,0,1
BRDA:91,28,0,2
BRDA:92,29,0,1
BRDA:93,30,0,0
BRDA:93,31,0,0
BRDA:94,32,0,1
BRDA:99,33,0,1
BRDA:100,34,0,1
BRDA:106,35,0,3
BRDA:112,36,0,1
BRDA:114,37,0,2
BRDA:120,38,0,1
BRDA:125,39,0,1
BRDA:137,40,0,0
BRDA:138,41,0,0
BRDA:138,42,0,0
BRDA:138,43,0,0
BRDA:138,44,0,0
BRDA:138,45,0,0
BRDA:144,46,0,1
BRDA:146,47,0,1
BRDA:148,48,0,9
BRDA:148,49,0,0
BRDA:155,50,0,1
BRDA:160,51,0,2
BRDA:160,52,0,1
BRDA:170,53,0,0
BRDA:174,54,0,0
BRDA:158,55,0,2
BRDA:162,56,0,2
BRDA:165,57,0,2
BRDA:165,58,0,0
BRDA:169,59,0,2
BRDA:169,60,0,0
BRDA:170,61,0,2
BRDA:170,62,0,0
BRDA:174,63,0,2
BRF:64
BRH:43
end_of_record
TN:
SF:src/lib/recorder.js
FN:9,encodeWav
FN:12,writeStr
FN:37,resample
FN:55,WavCapture
FN:64,start
FN:94,stop
FNF:6
FNH:3
FNDA:3,encodeWav
FNDA:12,writeStr
FNDA:3,resample
FNDA:0,WavCapture
FNDA:0,start
FNDA:0,stop
DA:1,1
DA:2,1
DA:3,1
DA:4,1
DA:5,1
DA:6,1
DA:7,1
DA:8,1
DA:9,1
DA:10,3
DA:11,3
DA:12,3
DA:13,12
DA:14,3
DA:15,3
DA:16,3
DA:17,3
DA:18,3
DA:19,3
DA:20,3
DA:21,3
DA:22,3
DA:23,3
DA:24,3
DA:25,3
DA:26,3
DA:27,3
DA:28,3
DA:29,3
DA:30,1605
DA:31,1605
DA:32,1605
DA:33,3
DA:34,3
DA:35,1
DA:36,1
DA:37,1
DA:38,3
DA:39,2
DA:40,2
DA:41,2
DA:42,3
DA:43,48000
DA:44,48000
DA:45,48000
DA:46,48000
DA:47,48000
DA:48,48000
DA:49,2
DA:50,3
DA:51,1
DA:52,1
DA:53,1
DA:54,1
DA:55,1
DA:56,0
DA:57,0
DA:58,0
DA:59,0
DA:60,0
DA:61,0
DA:62,0
DA:63,1
DA:64,1
DA:65,0
DA:66,0
DA:67,0
DA:68,0
DA:69,0
DA:70,0
DA:71,0
DA:72,0
DA:73,0
DA:74,0
DA:75,0
DA:76,0
DA:77,0
DA:78,0
DA:79,0
DA:80,0
DA:81,0
DA:82,0
DA:83,0
DA:84,0
DA:85,0
DA:86,0
DA:87,0
DA:88,0
DA:89,0
DA:90,0
DA:91,0
DA:92,1
DA:93,1
DA:94,1
DA:95,0
DA:96,0
DA:97,0
DA:98,0
DA:99,0
DA:100,0
DA:101,0
DA:102,0
DA:103,0
DA:104,0
DA:105,0
DA:106,0
DA:107,0
DA:108,0
DA:109,0
DA:110,0
DA:111,0
DA:112,0
DA:113,1
LF:113
LH:61
BRDA:1,0,0,1
BRDA:9,1,0,3
BRDA:29,2,0,1605
BRDA:31,3,0,785
BRDA:31,4,0,820
BRDA:12,5,0,12
BRDA:13,6,0,48
BRDA:37,7,0,3
BRDA:38,8,0,1
BRDA:39,9,0,2
BRDA:42,10,0,48000
BRDA:46,11,0,104000
BRDA:49,12,0,2
BRF:13
BRH:13
end_of_record
